Determining if the pthread_create exist failed with the following output:
Change Dir: /home/csmajs/jshwe001/template-lab-04-composite/CMakeFiles/CMakeTmp

Run Build Command(s):/opt/rh/devtoolset-6/root/usr/bin/gmake cmTC_a455c/fast 
/opt/rh/devtoolset-6/root/usr/bin/gmake -f CMakeFiles/cmTC_a455c.dir/build.make CMakeFiles/cmTC_a455c.dir/build
gmake[1]: Entering directory '/home/csmajs/jshwe001/template-lab-04-composite/CMakeFiles/CMakeTmp'
Building C object CMakeFiles/cmTC_a455c.dir/CheckSymbolExists.c.o
/opt/rh/devtoolset-6/root/usr/bin/cc    -o CMakeFiles/cmTC_a455c.dir/CheckSymbolExists.c.o   -c /home/csmajs/jshwe001/template-lab-04-composite/CMakeFiles/CMakeTmp/CheckSymbolExists.c
Linking C executable cmTC_a455c
/usr/bin/cmake3 -E cmake_link_script CMakeFiles/cmTC_a455c.dir/link.txt --verbose=1
/opt/rh/devtoolset-6/root/usr/bin/cc      -rdynamic CMakeFiles/cmTC_a455c.dir/CheckSymbolExists.c.o  -o cmTC_a455c 
CMakeFiles/cmTC_a455c.dir/CheckSymbolExists.c.o: In function `main':
CheckSymbolExists.c:(.text+0x16): undefined reference to `pthread_create'
collect2: error: ld returned 1 exit status
CMakeFiles/cmTC_a455c.dir/build.make:86: recipe for target 'cmTC_a455c' failed
gmake[1]: *** [cmTC_a455c] Error 1
gmake[1]: Leaving directory '/home/csmajs/jshwe001/template-lab-04-composite/CMakeFiles/CMakeTmp'
Makefile:121: recipe for target 'cmTC_a455c/fast' failed
gmake: *** [cmTC_a455c/fast] Error 2

File /home/csmajs/jshwe001/template-lab-04-composite/CMakeFiles/CMakeTmp/CheckSymbolExists.c:
/* */
#include <pthread.h>

int main(int argc, char** argv)
{
  (void)argv;
#ifndef pthread_create
  return ((int*)(&pthread_create))[argc];
#else
  (void)argc;
  return 0;
#endif
}

Determining if the function pthread_create exists in the pthreads failed with the following output:
Change Dir: /home/csmajs/jshwe001/template-lab-04-composite/CMakeFiles/CMakeTmp

Run Build Command(s):/opt/rh/devtoolset-6/root/usr/bin/gmake cmTC_1370f/fast 
/opt/rh/devtoolset-6/root/usr/bin/gmake -f CMakeFiles/cmTC_1370f.dir/build.make CMakeFiles/cmTC_1370f.dir/build
gmake[1]: Entering directory '/home/csmajs/jshwe001/template-lab-04-composite/CMakeFiles/CMakeTmp'
Building C object CMakeFiles/cmTC_1370f.dir/CheckFunctionExists.c.o
/opt/rh/devtoolset-6/root/usr/bin/cc   -DCHECK_FUNCTION_EXISTS=pthread_create   -o CMakeFiles/cmTC_1370f.dir/CheckFunctionExists.c.o   -c /usr/share/cmake3/Modules/CheckFunctionExists.c
Linking C executable cmTC_1370f
/usr/bin/cmake3 -E cmake_link_script CMakeFiles/cmTC_1370f.dir/link.txt --verbose=1
/opt/rh/devtoolset-6/root/usr/bin/cc  -DCHECK_FUNCTION_EXISTS=pthread_create    -rdynamic CMakeFiles/cmTC_1370f.dir/CheckFunctionExists.c.o  -o cmTC_1370f -lpthreads 
/opt/rh/devtoolset-6/root/usr/libexec/gcc/x86_64-redhat-linux/6.3.1/ld: cannot find -lpthreads
collect2: error: ld returned 1 exit status
CMakeFiles/cmTC_1370f.dir/build.make:86: recipe for target 'cmTC_1370f' failed
gmake[1]: *** [cmTC_1370f] Error 1
gmake[1]: Leaving directory '/home/csmajs/jshwe001/template-lab-04-composite/CMakeFiles/CMakeTmp'
Makefile:121: recipe for target 'cmTC_1370f/fast' failed
gmake: *** [cmTC_1370f/fast] Error 2


